<?xml version="1.0" encoding="UTF-8"?>
<!-- Generated by org.testng.reporters.JUnitReportReporter -->
<testsuite hostname="Ganesh" failures="0" tests="2" name="chain.DeleteContact" time="2.465" errors="0" timestamp="2022-09-14T22:34:43 EDT" skipped="0">
  <testcase classname="chain.DeleteContact" name="validateDeletedContact" time="1.226"/>
  <system-out/>
  <testcase classname="chain.DeleteContact" name="deleteContact" time="1.239"/>
  <system-out/>
</testsuite> <!-- chain.DeleteContact -->
