<?xml version="1.0" encoding="UTF-8"?>
<!-- Generated by org.testng.reporters.JUnitReportReporter -->
<testsuite hostname="Ganesh" failures="0" tests="2" name="chain.DeleteLead" time="2.375" errors="0" timestamp="2022-09-13T21:33:33 EDT" skipped="0">
  <testcase classname="chain.DeleteLead" name="validateDeletedLead" time="0.930"/>
  <system-out/>
  <testcase classname="chain.DeleteLead" name="deleteLead" time="1.445"/>
  <system-out/>
</testsuite> <!-- chain.DeleteLead -->
