<?xml version="1.0" encoding="UTF-8"?>
<!-- Generated by org.testng.reporters.JUnitReportReporter -->
<testsuite hostname="Ganesh" failures="0" tests="1" name="chain.GetContact" time="1.591" errors="0" timestamp="2022-09-14T22:34:43 EDT" skipped="0">
  <testcase classname="chain.GetContact" name="getContact" time="1.591"/>
  <system-out/>
</testsuite> <!-- chain.GetContact -->
