<?xml version="1.0" encoding="UTF-8"?>
<!-- Generated by org.testng.reporters.JUnitReportReporter -->
<testsuite hostname="Ganesh" failures="0" tests="1" name="chain.UpdateContact" time="1.038" errors="0" timestamp="2022-09-14T22:34:43 EDT" skipped="0">
  <testcase classname="chain.UpdateContact" name="updateContact" time="1.038"/>
  <system-out/>
</testsuite> <!-- chain.UpdateContact -->
