<?xml version="1.0" encoding="UTF-8"?>
<!-- Generated by org.testng.reporters.JUnitReportReporter -->
<testsuite hostname="Ganesh" failures="0" tests="1" name="chain.UpdateLead" time="1.095" errors="0" timestamp="2022-09-13T21:33:33 EDT" skipped="0">
  <testcase classname="chain.UpdateLead" name="updateLead" time="1.095"/>
  <system-out/>
</testsuite> <!-- chain.UpdateLead -->
