<?xml version="1.0" encoding="UTF-8"?>
<!-- Generated by org.testng.reporters.JUnitReportReporter -->
<testsuite hostname="Ganesh" failures="0" tests="2" name="chain.DeleteLead" time="1.974" errors="0" timestamp="14 Sep 2022 02:01:14 GMT" skipped="0">
  <testcase classname="chain.DeleteLead" name="validateDeletedLead" time="0.938"/>
  <testcase classname="chain.DeleteLead" name="deleteLead" time="1.036"/>
</testsuite> <!-- chain.DeleteLead -->
