<?xml version="1.0" encoding="UTF-8"?>
<!-- Generated by org.testng.reporters.JUnitReportReporter -->
<testsuite hostname="Ganesh" failures="0" tests="1" name="chain.GetLead" time="0.945" errors="0" timestamp="14 Sep 2022 02:01:14 GMT" skipped="0">
  <testcase classname="chain.GetLead" name="getLead" time="0.945"/>
</testsuite> <!-- chain.GetLead -->
