<?xml version="1.0" encoding="UTF-8"?>
<!-- Generated by org.testng.reporters.JUnitReportReporter -->
<testsuite hostname="Ganesh" failures="0" tests="1" name="chain.CreateLead" time="1.554" errors="0" timestamp="14 Sep 2022 02:01:14 GMT" skipped="0">
  <testcase classname="chain.CreateLead" name="createLead" time="1.554"/>
</testsuite> <!-- chain.CreateLead -->
